08-21 14:00 - Horário de Início: 21-08-2023 14:00:52
08-21 14:00 - TreinandoInterval.in_1_minute
08-21 14:00 - you are using nologin method, data you access may be limited
08-21 14:01 - Interval.in_1_minute Finalizado
08-21 14:01 -                                 Selected_Features  ...                                             HyperP
39        Volume, rsi, ema_5_t, sma_5_t, ema_10_t  ...  {'max_depth': 9, 'max_features': 1, 'min_sampl...
40          Open, rsi, ema_5_t, sma_5_t, ema_10_t  ...  {'max_depth': 9, 'max_features': 1, 'min_sampl...
41          Open, rsi, ema_5_t, sma_5_t, ema_10_t  ...  {'max_depth': 9, 'max_features': 1, 'min_sampl...
42  Volume, Open, rsi, ema_5_t, sma_5_t, ema_10_t  ...  {'max_depth': 9, 'max_features': 1, 'min_sampl...
43  Volume, Open, rsi, ema_5_t, sma_5_t, ema_10_t  ...  {'max_depth': 9, 'max_features': 1, 'min_sampl...

[5 rows x 5 columns]
08-21 14:01 - Intervalo Interval.in_1_minute finalizado
08-21 14:01 - Melhor modelo Salvo
08-21 14:01 - Tempo de execução: 0.12 minutos
08-21 14:01 - Finalizao às:14:01:00
08-21 14:01 - 
08-21 14:01 - TreinandoInterval.in_3_minute
08-21 14:01 - you are using nologin method, data you access may be limited
08-21 14:01 - Interval.in_3_minute Finalizado
08-21 14:01 -                                 Selected_Features  ...                                             HyperP
83        Volume, rsi, ema_5_t, sma_5_t, ema_10_t  ...  {'max_depth': 9, 'max_features': 1, 'min_sampl...
84          Open, rsi, ema_5_t, sma_5_t, ema_10_t  ...  {'max_depth': 9, 'max_features': 1, 'min_sampl...
85          Open, rsi, ema_5_t, sma_5_t, ema_10_t  ...  {'max_depth': 9, 'max_features': 1, 'min_sampl...
86  Volume, Open, rsi, ema_5_t, sma_5_t, ema_10_t  ...  {'max_depth': 9, 'max_features': 1, 'min_sampl...
87  Volume, Open, rsi, ema_5_t, sma_5_t, ema_10_t  ...  {'max_depth': 9, 'max_features': 1, 'min_sampl...

[5 rows x 5 columns]
08-21 14:01 - Intervalo Interval.in_3_minute finalizado
08-21 14:01 - Melhor modelo Salvo
08-21 14:01 - Tempo de execução: 0.11 minutos
08-21 14:01 - Finalizao às:14:01:06
08-21 14:01 - 
08-21 14:01 - TreinandoInterval.in_5_minute
08-21 14:01 - you are using nologin method, data you access may be limited
08-21 14:01 - Interval.in_5_minute Finalizado
08-21 14:01 -                                  Selected_Features  ...                                             HyperP
127        Volume, rsi, ema_5_t, sma_5_t, ema_10_t  ...  {'max_depth': 9, 'max_features': 1, 'min_sampl...
128          Open, rsi, ema_5_t, sma_5_t, ema_10_t  ...  {'max_depth': 9, 'max_features': 1, 'min_sampl...
129          Open, rsi, ema_5_t, sma_5_t, ema_10_t  ...  {'max_depth': 9, 'max_features': 1, 'min_sampl...
130  Volume, Open, rsi, ema_5_t, sma_5_t, ema_10_t  ...  {'max_depth': 9, 'max_features': 1, 'min_sampl...
131  Volume, Open, rsi, ema_5_t, sma_5_t, ema_10_t  ...  {'max_depth': 9, 'max_features': 1, 'min_sampl...

[5 rows x 5 columns]
08-21 14:01 - Intervalo Interval.in_5_minute finalizado
08-21 14:01 - Melhor modelo Salvo
08-21 14:01 - Tempo de execução: 0.11 minutos
08-21 14:01 - Finalizao às:14:01:13
08-21 14:01 - 
08-21 14:01 - TreinandoInterval.in_15_minute
08-21 14:01 - you are using nologin method, data you access may be limited
08-21 14:01 - Interval.in_15_minute Finalizado
08-21 14:01 -                                  Selected_Features  ...                                             HyperP
171        Volume, rsi, ema_5_t, sma_5_t, ema_10_t  ...  {'max_depth': 9, 'max_features': 1, 'min_sampl...
172          Open, rsi, ema_5_t, sma_5_t, ema_10_t  ...  {'max_depth': 9, 'max_features': 1, 'min_sampl...
173          Open, rsi, ema_5_t, sma_5_t, ema_10_t  ...  {'max_depth': 9, 'max_features': 1, 'min_sampl...
174  Volume, Open, rsi, ema_5_t, sma_5_t, ema_10_t  ...  {'max_depth': 9, 'max_features': 1, 'min_sampl...
175  Volume, Open, rsi, ema_5_t, sma_5_t, ema_10_t  ...  {'max_depth': 9, 'max_features': 1, 'min_sampl...

[5 rows x 5 columns]
08-21 14:01 - Intervalo Interval.in_15_minute finalizado
08-21 14:01 - Melhor modelo Salvo
08-21 14:01 - Tempo de execução: 0.11 minutos
08-21 14:01 - Finalizao às:14:01:19
08-21 14:01 - 
08-21 14:01 - TreinandoInterval.in_30_minute
08-21 14:01 - you are using nologin method, data you access may be limited
08-21 14:01 - Interval.in_30_minute Finalizado
08-21 14:01 -                                  Selected_Features  ...                                             HyperP
215        Volume, rsi, ema_5_t, sma_5_t, ema_10_t  ...  {'max_depth': 9, 'max_features': 1, 'min_sampl...
216          Open, rsi, ema_5_t, sma_5_t, ema_10_t  ...  {'max_depth': 9, 'max_features': 1, 'min_sampl...
217          Open, rsi, ema_5_t, sma_5_t, ema_10_t  ...  {'max_depth': 9, 'max_features': 1, 'min_sampl...
218  Volume, Open, rsi, ema_5_t, sma_5_t, ema_10_t  ...  {'max_depth': 9, 'max_features': 1, 'min_sampl...
219  Volume, Open, rsi, ema_5_t, sma_5_t, ema_10_t  ...  {'max_depth': 9, 'max_features': 1, 'min_sampl...

[5 rows x 5 columns]
08-21 14:01 - Intervalo Interval.in_30_minute finalizado
08-21 14:01 - Melhor modelo Salvo
08-21 14:01 - Tempo de execução: 0.11 minutos
08-21 14:01 - Finalizao às:14:01:25
08-21 14:01 - 
08-21 14:01 - TreinandoInterval.in_45_minute
08-21 14:01 - you are using nologin method, data you access may be limited
08-21 14:01 - Interval.in_45_minute Finalizado
08-21 14:01 -                                  Selected_Features  ...                                             HyperP
259        Volume, rsi, ema_5_t, sma_5_t, ema_10_t  ...  {'max_depth': 9, 'max_features': 1, 'min_sampl...
260          Open, rsi, ema_5_t, sma_5_t, ema_10_t  ...  {'max_depth': 9, 'max_features': 1, 'min_sampl...
261          Open, rsi, ema_5_t, sma_5_t, ema_10_t  ...  {'max_depth': 9, 'max_features': 1, 'min_sampl...
262  Volume, Open, rsi, ema_5_t, sma_5_t, ema_10_t  ...  {'max_depth': 9, 'max_features': 1, 'min_sampl...
263  Volume, Open, rsi, ema_5_t, sma_5_t, ema_10_t  ...  {'max_depth': 9, 'max_features': 1, 'min_sampl...

[5 rows x 5 columns]
08-21 14:01 - Intervalo Interval.in_45_minute finalizado
08-21 14:01 - Melhor modelo Salvo
08-21 14:01 - Tempo de execução: 0.10 minutos
08-21 14:01 - Finalizao às:14:01:32
08-21 14:01 - 
08-21 14:01 - TreinandoInterval.in_1_hour
08-21 14:01 - you are using nologin method, data you access may be limited
08-21 14:01 - Interval.in_1_hour Finalizado
08-21 14:01 -                                  Selected_Features  ...                                             HyperP
303        Volume, rsi, ema_5_t, sma_5_t, ema_10_t  ...  {'max_depth': 9, 'max_features': 1, 'min_sampl...
304          Open, rsi, ema_5_t, sma_5_t, ema_10_t  ...  {'max_depth': 9, 'max_features': 1, 'min_sampl...
305          Open, rsi, ema_5_t, sma_5_t, ema_10_t  ...  {'max_depth': 9, 'max_features': 1, 'min_sampl...
306  Volume, Open, rsi, ema_5_t, sma_5_t, ema_10_t  ...  {'max_depth': 9, 'max_features': 1, 'min_sampl...
307  Volume, Open, rsi, ema_5_t, sma_5_t, ema_10_t  ...  {'max_depth': 9, 'max_features': 1, 'min_sampl...

[5 rows x 5 columns]
08-21 14:01 - Intervalo Interval.in_1_hour finalizado
08-21 14:01 - Melhor modelo Salvo
08-21 14:01 - Tempo de execução: 0.11 minutos
08-21 14:01 - Finalizao às:14:01:38
08-21 14:01 - 
08-21 14:01 - TreinandoInterval.in_2_hour
08-21 14:01 - you are using nologin method, data you access may be limited
08-21 14:01 - Interval.in_2_hour Finalizado
08-21 14:01 -                                  Selected_Features  ...                                             HyperP
347        Volume, rsi, ema_5_t, sma_5_t, ema_10_t  ...  {'max_depth': 9, 'max_features': 1, 'min_sampl...
348          Open, rsi, ema_5_t, sma_5_t, ema_10_t  ...  {'max_depth': 9, 'max_features': 1, 'min_sampl...
349          Open, rsi, ema_5_t, sma_5_t, ema_10_t  ...  {'max_depth': 9, 'max_features': 1, 'min_sampl...
350  Volume, Open, rsi, ema_5_t, sma_5_t, ema_10_t  ...  {'max_depth': 9, 'max_features': 1, 'min_sampl...
351  Volume, Open, rsi, ema_5_t, sma_5_t, ema_10_t  ...  {'max_depth': 9, 'max_features': 1, 'min_sampl...

[5 rows x 5 columns]
08-21 14:01 - Intervalo Interval.in_2_hour finalizado
08-21 14:01 - Melhor modelo Salvo
08-21 14:01 - Tempo de execução: 0.10 minutos
08-21 14:01 - Finalizao às:14:01:44
08-21 14:01 - 
08-21 14:01 - TreinandoInterval.in_3_hour
08-21 14:01 - you are using nologin method, data you access may be limited
08-21 14:01 - Interval.in_3_hour Finalizado
08-21 14:01 -                                  Selected_Features  ...                                             HyperP
391        Volume, rsi, ema_5_t, sma_5_t, ema_10_t  ...  {'max_depth': 9, 'max_features': 1, 'min_sampl...
392          Open, rsi, ema_5_t, sma_5_t, ema_10_t  ...  {'max_depth': 9, 'max_features': 1, 'min_sampl...
393          Open, rsi, ema_5_t, sma_5_t, ema_10_t  ...  {'max_depth': 9, 'max_features': 1, 'min_sampl...
394  Volume, Open, rsi, ema_5_t, sma_5_t, ema_10_t  ...  {'max_depth': 9, 'max_features': 1, 'min_sampl...
395  Volume, Open, rsi, ema_5_t, sma_5_t, ema_10_t  ...  {'max_depth': 9, 'max_features': 1, 'min_sampl...

[5 rows x 5 columns]
08-21 14:01 - Intervalo Interval.in_3_hour finalizado
08-21 14:01 - Melhor modelo Salvo
08-21 14:01 - Tempo de execução: 0.10 minutos
08-21 14:01 - Finalizao às:14:01:50
08-21 14:01 - 
08-21 14:01 - TreinandoInterval.in_daily
08-21 14:01 - you are using nologin method, data you access may be limited
08-21 14:01 - Interval.in_daily Finalizado
08-21 14:01 -                                  Selected_Features   Accuracy  Normalize          Intervalo                                             HyperP
435        Volume, rsi, ema_5_t, sma_5_t, ema_10_t  50.210000      False  Interval.in_daily  {'max_depth': 9, 'max_features': 1, 'min_sampl...
436          Open, rsi, ema_5_t, sma_5_t, ema_10_t  50.030469       True  Interval.in_daily  {'max_depth': 9, 'max_features': 1, 'min_sampl...
437          Open, rsi, ema_5_t, sma_5_t, ema_10_t  49.970000      False  Interval.in_daily  {'max_depth': 9, 'max_features': 1, 'min_sampl...
438  Volume, Open, rsi, ema_5_t, sma_5_t, ema_10_t  50.091408       True  Interval.in_daily  {'max_depth': 9, 'max_features': 1, 'min_sampl...
439  Volume, Open, rsi, ema_5_t, sma_5_t, ema_10_t  50.090000      False  Interval.in_daily  {'max_depth': 9, 'max_features': 1, 'min_sampl...
08-21 14:01 - Intervalo Interval.in_daily finalizado
08-21 14:01 - Melhor modelo Salvo
08-21 14:01 - Tempo de execução: 0.10 minutos
08-21 14:01 - Finalizao às:14:01:56
08-21 14:01 - 
08-21 14:01 - TreinandoInterval.in_weekly
08-21 14:01 - you are using nologin method, data you access may be limited
08-21 14:02 - Interval.in_weekly Finalizado
08-21 14:02 -                                  Selected_Features   Accuracy  Normalize           Intervalo                                             HyperP
479        Volume, rsi, ema_5_t, sma_5_t, ema_10_t  55.280000      False  Interval.in_weekly  {'max_depth': 9, 'max_features': 1, 'min_sampl...
480          Open, rsi, ema_5_t, sma_5_t, ema_10_t  50.753769       True  Interval.in_weekly  {'max_depth': 9, 'max_features': 1, 'min_sampl...
481          Open, rsi, ema_5_t, sma_5_t, ema_10_t  51.260000      False  Interval.in_weekly  {'max_depth': 9, 'max_features': 1, 'min_sampl...
482  Volume, Open, rsi, ema_5_t, sma_5_t, ema_10_t  51.507538       True  Interval.in_weekly  {'max_depth': 9, 'max_features': 1, 'min_sampl...
483  Volume, Open, rsi, ema_5_t, sma_5_t, ema_10_t  50.000000      False  Interval.in_weekly  {'max_depth': 9, 'max_features': 1, 'min_sampl...
08-21 14:02 - Intervalo Interval.in_weekly finalizado
08-21 14:02 - Melhor modelo Salvo
08-21 14:02 - Tempo de execução: 0.09 minutos
08-21 14:02 - Finalizao às:14:02:02
08-21 14:02 - 
08-21 14:02 - TreinandoInterval.in_monthly
08-21 14:02 - you are using nologin method, data you access may be limited
08-21 14:02 - Interval.in_monthly Finalizado
08-21 14:02 -                                  Selected_Features   Accuracy  Normalize            Intervalo                                             HyperP
523        Volume, rsi, ema_5_t, sma_5_t, ema_10_t  52.940000      False  Interval.in_monthly  {'max_depth': 9, 'max_features': 1, 'min_sampl...
524          Open, rsi, ema_5_t, sma_5_t, ema_10_t  54.117647       True  Interval.in_monthly  {'max_depth': 9, 'max_features': 1, 'min_sampl...
525          Open, rsi, ema_5_t, sma_5_t, ema_10_t  60.000000      False  Interval.in_monthly  {'max_depth': 9, 'max_features': 1, 'min_sampl...
526  Volume, Open, rsi, ema_5_t, sma_5_t, ema_10_t  50.588235       True  Interval.in_monthly  {'max_depth': 9, 'max_features': 1, 'min_sampl...
527  Volume, Open, rsi, ema_5_t, sma_5_t, ema_10_t  52.940000      False  Interval.in_monthly  {'max_depth': 9, 'max_features': 1, 'min_sampl...
08-21 14:02 - Intervalo Interval.in_monthly finalizado
08-21 14:02 - Melhor modelo Salvo
08-21 14:02 - Tempo de execução: 0.07 minutos
08-21 14:02 - Finalizao às:14:02:06
08-21 14:02 - 
08-21 14:02 - Tempo total de execução: 1.22 minutos
08-21 14:22 - Horário de Início: 21-08-2023 14:22:59
08-21 14:22 - TreinandoInterval.in_1_minute
08-21 14:22 - you are using nologin method, data you access may be limited
08-21 14:23 - Interval.in_1_minute Finalizado
08-21 14:23 -                                 Selected_Features   Accuracy  Normalize             Intervalo                                             HyperP
39        Volume, rsi, ema_5_t, sma_5_t, ema_10_t  58.010000      False  Interval.in_1_minute  {'max_depth': 9, 'max_features': 1, 'min_sampl...
40          Open, rsi, ema_5_t, sma_5_t, ema_10_t  58.439976       True  Interval.in_1_minute  {'max_depth': 9, 'max_features': 1, 'min_sampl...
41          Open, rsi, ema_5_t, sma_5_t, ema_10_t  57.590000      False  Interval.in_1_minute  {'max_depth': 9, 'max_features': 1, 'min_sampl...
42  Volume, Open, rsi, ema_5_t, sma_5_t, ema_10_t  57.464960       True  Interval.in_1_minute  {'max_depth': 9, 'max_features': 1, 'min_sampl...
43  Volume, Open, rsi, ema_5_t, sma_5_t, ema_10_t  58.320000      False  Interval.in_1_minute  {'max_depth': 9, 'max_features': 1, 'min_sampl...
08-21 14:23 - Intervalo Interval.in_1_minute finalizado
08-21 14:23 - Melhor modelo Salvo
08-21 14:23 - Tempo de execução: 0.10 minutos
08-21 14:23 - Finalizao às:14:23:05
08-21 14:23 - 
08-21 14:23 - TreinandoInterval.in_3_minute
08-21 14:23 - you are using nologin method, data you access may be limited
08-21 14:23 - Interval.in_3_minute Finalizado
08-21 14:23 -                                 Selected_Features   Accuracy  Normalize             Intervalo                                             HyperP
83        Volume, rsi, ema_5_t, sma_5_t, ema_10_t  54.600000      False  Interval.in_3_minute  {'max_depth': 9, 'max_features': 1, 'min_sampl...
84          Open, rsi, ema_5_t, sma_5_t, ema_10_t  55.149299       True  Interval.in_3_minute  {'max_depth': 9, 'max_features': 1, 'min_sampl...
85          Open, rsi, ema_5_t, sma_5_t, ema_10_t  55.150000      False  Interval.in_3_minute  {'max_depth': 9, 'max_features': 1, 'min_sampl...
86  Volume, Open, rsi, ema_5_t, sma_5_t, ema_10_t  55.453991       True  Interval.in_3_minute  {'max_depth': 9, 'max_features': 1, 'min_sampl...
87  Volume, Open, rsi, ema_5_t, sma_5_t, ema_10_t  55.030000      False  Interval.in_3_minute  {'max_depth': 9, 'max_features': 1, 'min_sampl...
08-21 14:23 - Intervalo Interval.in_3_minute finalizado
08-21 14:23 - Melhor modelo Salvo
08-21 14:23 - Tempo de execução: 0.11 minutos
08-21 14:23 - Finalizao às:14:23:12
08-21 14:23 - 
08-21 14:23 - TreinandoInterval.in_5_minute
08-21 14:23 - you are using nologin method, data you access may be limited
08-21 14:23 - Interval.in_5_minute Finalizado
08-21 14:23 -                                  Selected_Features   Accuracy  Normalize             Intervalo                                             HyperP
127        Volume, rsi, ema_5_t, sma_5_t, ema_10_t  54.050000      False  Interval.in_5_minute  {'max_depth': 9, 'max_features': 1, 'min_sampl...
128          Open, rsi, ema_5_t, sma_5_t, ema_10_t  53.869592       True  Interval.in_5_minute  {'max_depth': 9, 'max_features': 1, 'min_sampl...
129          Open, rsi, ema_5_t, sma_5_t, ema_10_t  54.240000      False  Interval.in_5_minute  {'max_depth': 9, 'max_features': 1, 'min_sampl...
130  Volume, Open, rsi, ema_5_t, sma_5_t, ema_10_t  54.600853       True  Interval.in_5_minute  {'max_depth': 9, 'max_features': 1, 'min_sampl...
131  Volume, Open, rsi, ema_5_t, sma_5_t, ema_10_t  54.050000      False  Interval.in_5_minute  {'max_depth': 9, 'max_features': 1, 'min_sampl...
08-21 14:23 - Intervalo Interval.in_5_minute finalizado
08-21 14:23 - Melhor modelo Salvo
08-21 14:23 - Tempo de execução: 0.11 minutos
08-21 14:23 - Finalizao às:14:23:18
08-21 14:23 - 
08-21 14:23 - TreinandoInterval.in_15_minute
08-21 14:23 - you are using nologin method, data you access may be limited
08-21 14:23 - Interval.in_15_minute Finalizado
08-21 14:23 -                                  Selected_Features   Accuracy  Normalize              Intervalo                                             HyperP
171        Volume, rsi, ema_5_t, sma_5_t, ema_10_t  52.530000      False  Interval.in_15_minute  {'max_depth': 9, 'max_features': 1, 'min_sampl...
172          Open, rsi, ema_5_t, sma_5_t, ema_10_t  51.553931       True  Interval.in_15_minute  {'max_depth': 9, 'max_features': 1, 'min_sampl...
173          Open, rsi, ema_5_t, sma_5_t, ema_10_t  51.980000      False  Interval.in_15_minute  {'max_depth': 9, 'max_features': 1, 'min_sampl...
174  Volume, Open, rsi, ema_5_t, sma_5_t, ema_10_t  52.833638       True  Interval.in_15_minute  {'max_depth': 9, 'max_features': 1, 'min_sampl...
175  Volume, Open, rsi, ema_5_t, sma_5_t, ema_10_t  51.920000      False  Interval.in_15_minute  {'max_depth': 9, 'max_features': 1, 'min_sampl...
08-21 14:23 - Intervalo Interval.in_15_minute finalizado
08-21 14:23 - Melhor modelo Salvo
08-21 14:23 - Tempo de execução: 0.11 minutos
08-21 14:23 - Finalizao às:14:23:25
08-21 14:23 - 
08-21 14:23 - TreinandoInterval.in_30_minute
08-21 14:23 - you are using nologin method, data you access may be limited
08-21 14:23 - Interval.in_30_minute Finalizado
08-21 14:23 -                                  Selected_Features   Accuracy  Normalize              Intervalo                                             HyperP
215        Volume, rsi, ema_5_t, sma_5_t, ema_10_t  52.890000      False  Interval.in_30_minute  {'max_depth': 9, 'max_features': 1, 'min_sampl...
216          Open, rsi, ema_5_t, sma_5_t, ema_10_t  52.041438       True  Interval.in_30_minute  {'max_depth': 9, 'max_features': 1, 'min_sampl...
217          Open, rsi, ema_5_t, sma_5_t, ema_10_t  51.130000      False  Interval.in_30_minute  {'max_depth': 9, 'max_features': 1, 'min_sampl...
218  Volume, Open, rsi, ema_5_t, sma_5_t, ema_10_t  51.249238       True  Interval.in_30_minute  {'max_depth': 9, 'max_features': 1, 'min_sampl...
219  Volume, Open, rsi, ema_5_t, sma_5_t, ema_10_t  51.740000      False  Interval.in_30_minute  {'max_depth': 9, 'max_features': 1, 'min_sampl...
08-21 14:23 - Intervalo Interval.in_30_minute finalizado
08-21 14:23 - Melhor modelo Salvo
08-21 14:23 - Tempo de execução: 0.11 minutos
08-21 14:23 - Finalizao às:14:23:31
08-21 14:23 - 
08-21 14:23 - TreinandoInterval.in_45_minute
08-21 14:23 - you are using nologin method, data you access may be limited
08-21 14:23 - Interval.in_45_minute Finalizado
08-21 14:23 -                                  Selected_Features   Accuracy  Normalize              Intervalo                                             HyperP
259        Volume, rsi, ema_5_t, sma_5_t, ema_10_t  50.580000      False  Interval.in_45_minute  {'max_depth': 9, 'max_features': 1, 'min_sampl...
260          Open, rsi, ema_5_t, sma_5_t, ema_10_t  48.567946       True  Interval.in_45_minute  {'max_depth': 9, 'max_features': 1, 'min_sampl...
261          Open, rsi, ema_5_t, sma_5_t, ema_10_t  48.930000      False  Interval.in_45_minute  {'max_depth': 9, 'max_features': 1, 'min_sampl...
262  Volume, Open, rsi, ema_5_t, sma_5_t, ema_10_t  49.725777       True  Interval.in_45_minute  {'max_depth': 9, 'max_features': 1, 'min_sampl...
263  Volume, Open, rsi, ema_5_t, sma_5_t, ema_10_t  50.150000      False  Interval.in_45_minute  {'max_depth': 9, 'max_features': 1, 'min_sampl...
08-21 14:23 - Intervalo Interval.in_45_minute finalizado
08-21 14:23 - Melhor modelo Salvo
08-21 14:23 - Tempo de execução: 0.11 minutos
08-21 14:23 - Finalizao às:14:23:38
08-21 14:23 - 
08-21 14:23 - TreinandoInterval.in_1_hour
08-21 14:23 - you are using nologin method, data you access may be limited
08-21 14:23 - Interval.in_1_hour Finalizado
08-21 14:23 -                                  Selected_Features   Accuracy  Normalize           Intervalo                                             HyperP
303        Volume, rsi, ema_5_t, sma_5_t, ema_10_t  51.920000      False  Interval.in_1_hour  {'max_depth': 9, 'max_features': 1, 'min_sampl...
304          Open, rsi, ema_5_t, sma_5_t, ema_10_t  52.163315       True  Interval.in_1_hour  {'max_depth': 9, 'max_features': 1, 'min_sampl...
305          Open, rsi, ema_5_t, sma_5_t, ema_10_t  52.220000      False  Interval.in_1_hour  {'max_depth': 9, 'max_features': 1, 'min_sampl...
306  Volume, Open, rsi, ema_5_t, sma_5_t, ema_10_t  52.833638       True  Interval.in_1_hour  {'max_depth': 9, 'max_features': 1, 'min_sampl...
307  Volume, Open, rsi, ema_5_t, sma_5_t, ema_10_t  53.990000      False  Interval.in_1_hour  {'max_depth': 9, 'max_features': 1, 'min_sampl...
08-21 14:23 - Intervalo Interval.in_1_hour finalizado
08-21 14:23 - Melhor modelo Salvo
08-21 14:23 - Tempo de execução: 0.11 minutos
08-21 14:23 - Finalizao às:14:23:44
08-21 14:23 - 
08-21 14:23 - TreinandoInterval.in_2_hour
08-21 14:23 - you are using nologin method, data you access may be limited
08-21 14:23 - Interval.in_2_hour Finalizado
08-21 14:23 -                                  Selected_Features   Accuracy  Normalize           Intervalo                                             HyperP
347        Volume, rsi, ema_5_t, sma_5_t, ema_10_t  51.250000      False  Interval.in_2_hour  {'max_depth': 9, 'max_features': 1, 'min_sampl...
348          Open, rsi, ema_5_t, sma_5_t, ema_10_t  51.188300       True  Interval.in_2_hour  {'max_depth': 9, 'max_features': 1, 'min_sampl...
349          Open, rsi, ema_5_t, sma_5_t, ema_10_t  50.460000      False  Interval.in_2_hour  {'max_depth': 9, 'max_features': 1, 'min_sampl...
350  Volume, Open, rsi, ema_5_t, sma_5_t, ema_10_t  49.908592       True  Interval.in_2_hour  {'max_depth': 9, 'max_features': 1, 'min_sampl...
351  Volume, Open, rsi, ema_5_t, sma_5_t, ema_10_t  49.730000      False  Interval.in_2_hour  {'max_depth': 9, 'max_features': 1, 'min_sampl...
08-21 14:23 - Intervalo Interval.in_2_hour finalizado
08-21 14:23 - Melhor modelo Salvo
08-21 14:23 - Tempo de execução: 0.13 minutos
08-21 14:23 - Finalizao às:14:23:52
08-21 14:23 - 
08-21 14:23 - TreinandoInterval.in_3_hour
08-21 14:23 - you are using nologin method, data you access may be limited
08-21 14:23 - Interval.in_3_hour Finalizado
08-21 14:23 -                                  Selected_Features   Accuracy  Normalize           Intervalo                                             HyperP
391        Volume, rsi, ema_5_t, sma_5_t, ema_10_t  53.690000      False  Interval.in_3_hour  {'max_depth': 9, 'max_features': 1, 'min_sampl...
392          Open, rsi, ema_5_t, sma_5_t, ema_10_t  52.528946       True  Interval.in_3_hour  {'max_depth': 9, 'max_features': 1, 'min_sampl...
393          Open, rsi, ema_5_t, sma_5_t, ema_10_t  52.410000      False  Interval.in_3_hour  {'max_depth': 9, 'max_features': 1, 'min_sampl...
394  Volume, Open, rsi, ema_5_t, sma_5_t, ema_10_t  51.919561       True  Interval.in_3_hour  {'max_depth': 9, 'max_features': 1, 'min_sampl...
395  Volume, Open, rsi, ema_5_t, sma_5_t, ema_10_t  52.890000      False  Interval.in_3_hour  {'max_depth': 9, 'max_features': 1, 'min_sampl...
08-21 14:23 - Intervalo Interval.in_3_hour finalizado
08-21 14:23 - Melhor modelo Salvo
08-21 14:23 - Tempo de execução: 0.11 minutos
08-21 14:23 - Finalizao às:14:23:59
08-21 14:23 - 
08-21 14:23 - TreinandoInterval.in_daily
08-21 14:23 - you are using nologin method, data you access may be limited
08-21 14:24 - Interval.in_daily Finalizado
08-21 14:24 -                                  Selected_Features   Accuracy  Normalize          Intervalo                                             HyperP
435        Volume, rsi, ema_5_t, sma_5_t, ema_10_t  49.660000      False  Interval.in_daily  {'max_depth': 9, 'max_features': 1, 'min_sampl...
436          Open, rsi, ema_5_t, sma_5_t, ema_10_t  49.421085       True  Interval.in_daily  {'max_depth': 9, 'max_features': 1, 'min_sampl...
437          Open, rsi, ema_5_t, sma_5_t, ema_10_t  50.030000      False  Interval.in_daily  {'max_depth': 9, 'max_features': 1, 'min_sampl...
438  Volume, Open, rsi, ema_5_t, sma_5_t, ema_10_t  49.542962       True  Interval.in_daily  {'max_depth': 9, 'max_features': 1, 'min_sampl...
439  Volume, Open, rsi, ema_5_t, sma_5_t, ema_10_t  49.300000      False  Interval.in_daily  {'max_depth': 9, 'max_features': 1, 'min_sampl...
08-21 14:24 - Intervalo Interval.in_daily finalizado
08-21 14:24 - Melhor modelo Salvo
08-21 14:24 - Tempo de execução: 0.11 minutos
08-21 14:24 - Finalizao às:14:24:05
08-21 14:24 - 
08-21 14:24 - TreinandoInterval.in_weekly
08-21 14:24 - you are using nologin method, data you access may be limited
08-21 14:24 - Interval.in_weekly Finalizado
08-21 14:24 -                                  Selected_Features   Accuracy  Normalize           Intervalo                                             HyperP
479        Volume, rsi, ema_5_t, sma_5_t, ema_10_t  53.270000      False  Interval.in_weekly  {'max_depth': 9, 'max_features': 1, 'min_sampl...
480          Open, rsi, ema_5_t, sma_5_t, ema_10_t  48.743719       True  Interval.in_weekly  {'max_depth': 9, 'max_features': 1, 'min_sampl...
481          Open, rsi, ema_5_t, sma_5_t, ema_10_t  49.500000      False  Interval.in_weekly  {'max_depth': 9, 'max_features': 1, 'min_sampl...
482  Volume, Open, rsi, ema_5_t, sma_5_t, ema_10_t  51.507538       True  Interval.in_weekly  {'max_depth': 9, 'max_features': 1, 'min_sampl...
483  Volume, Open, rsi, ema_5_t, sma_5_t, ema_10_t  52.510000      False  Interval.in_weekly  {'max_depth': 9, 'max_features': 1, 'min_sampl...
08-21 14:24 - Intervalo Interval.in_weekly finalizado
08-21 14:24 - Melhor modelo Salvo
08-21 14:24 - Tempo de execução: 0.08 minutos
08-21 14:24 - Finalizao às:14:24:10
08-21 14:24 - 
08-21 14:24 - TreinandoInterval.in_monthly
08-21 14:24 - you are using nologin method, data you access may be limited
08-21 14:24 - Interval.in_monthly Finalizado
08-21 14:24 -                                  Selected_Features   Accuracy  Normalize            Intervalo                                             HyperP
523        Volume, rsi, ema_5_t, sma_5_t, ema_10_t  50.590000      False  Interval.in_monthly  {'max_depth': 9, 'max_features': 1, 'min_sampl...
524          Open, rsi, ema_5_t, sma_5_t, ema_10_t  56.470588       True  Interval.in_monthly  {'max_depth': 9, 'max_features': 1, 'min_sampl...
525          Open, rsi, ema_5_t, sma_5_t, ema_10_t  57.650000      False  Interval.in_monthly  {'max_depth': 9, 'max_features': 1, 'min_sampl...
526  Volume, Open, rsi, ema_5_t, sma_5_t, ema_10_t  49.411765       True  Interval.in_monthly  {'max_depth': 9, 'max_features': 1, 'min_sampl...
527  Volume, Open, rsi, ema_5_t, sma_5_t, ema_10_t  55.290000      False  Interval.in_monthly  {'max_depth': 9, 'max_features': 1, 'min_sampl...
08-21 14:24 - Intervalo Interval.in_monthly finalizado
08-21 14:24 - Melhor modelo Salvo
08-21 14:24 - Tempo de execução: 0.07 minutos
08-21 14:24 - Finalizao às:14:24:15
08-21 14:24 - 
08-21 14:24 - Tempo total de execução: 1.26 minutos
